{"numFailedTestSuites":0,"numFailedTests":0,"numPassedTestSuites":18,"numPassedTests":175,"numPendingTestSuites":0,"numPendingTests":0,"numRuntimeErrorTestSuites":0,"numTodoTests":0,"numTotalTestSuites":18,"numTotalTests":175,"openHandles":[],"snapshot":{"added":0,"didUpdate":false,"failure":false,"filesAdded":0,"filesRemoved":0,"filesRemovedList":[],"filesUnmatched":0,"filesUpdated":0,"matched":0,"total":0,"unchecked":0,"uncheckedKeysByFile":[],"unmatched":0,"updated":0},"startTime":1767435467082,"success":true,"testResults":[{"assertionResults":[{"ancestorTitles":["CollectionBookCard - Property-Based Tests"],"duration":4992,"failing":false,"failureDetails":[],"failureMessages":[],"fullName":"CollectionBookCard - Property-Based Tests should display all required book information for any valid book","invocations":1,"location":null,"numPassingAsserts":1200,"retryReasons":[],"startAt":1767435484873,"status":"passed","title":"should display all required book information for any valid book"},{"ancestorTitles":["CollectionBookCard - Property-Based Tests"],"duration":2118,"failing":false,"failureDetails":[],"failureMessages":[],"fullName":"CollectionBookCard - Property-Based Tests should format price correctly using formatPrice utility","invocations":1,"location":null,"numPassingAsserts":100,"retryReasons":[],"startAt":1767435489870,"status":"passed","title":"should format price correctly using formatPrice utility"},{"ancestorTitles":["CollectionBookCard - Unit Tests"],"duration":23,"failing":false,"failureDetails":[],"failureMessages":[],"fullName":"CollectionBookCard - Unit Tests should render the book card with all fields displayed","invocations":1,"location":null,"numPassingAsserts":6,"retryReasons":[],"startAt":1767435491989,"status":"passed","title":"should render the book card with all fields displayed"},{"ancestorTitles":["CollectionBookCard - Unit Tests"],"duration":10,"failing":false,"failureDetails":[],"failureMessages":[],"fullName":"CollectionBookCard - Unit Tests should link to the correct book page","invocations":1,"location":null,"numPassingAsserts":1,"retryReasons":[],"startAt":1767435492013,"status":"passed","title":"should link to the correct book page"},{"ancestorTitles":["CollectionBookCard - Unit Tests"],"duration":43,"failing":false,"failureDetails":[],"failureMessages":[],"fullName":"CollectionBookCard - Unit Tests should display author name in light-dimmed color","invocations":1,"location":null,"numPassingAsserts":1,"retryReasons":[],"startAt":1767435492023,"status":"passed","title":"should display author name in light-dimmed color"}],"endTime":1767435492102,"message":"","name":"C:\\Users\\user\\Documents\\PROJET GERMINALE\\edition-germinale\\src\\components\\collection\\__tests__\\CollectionBookCard.test.tsx","startTime":1767435477022,"status":"passed","summary":""},{"assertionResults":[{"ancestorTitles":["HowItWorksSection - Property-Based Tests"],"duration":7664,"failing":false,"failureDetails":[],"failureMessages":[],"fullName":"HowItWorksSection - Property-Based Tests should always display exactly 3 steps with icons, titles, and descriptions","invocations":1,"location":null,"numPassingAsserts":2700,"retryReasons":[],"startAt":1767435486689,"status":"passed","title":"should always display exactly 3 steps with icons, titles, and descriptions"}],"endTime":1767435494358,"message":"","name":"C:\\Users\\user\\Documents\\PROJET GERMINALE\\edition-germinale\\src\\components\\home\\__tests__\\HowItWorksSection.test.tsx","startTime":1767435477559,"status":"passed","summary":""},{"assertionResults":[{"ancestorTitles":["RelatedCollections - Property-Based Tests"],"duration":4369,"failing":false,"failureDetails":[],"failureMessages":[],"fullName":"RelatedCollections - Property-Based Tests should display all required elements for each related collection card","invocations":1,"location":null,"numPassingAsserts":900,"retryReasons":[],"startAt":1767435487163,"status":"passed","title":"should display all required elements for each related collection card"},{"ancestorTitles":["RelatedCollections - Property-Based Tests"],"duration":5023,"failing":false,"failureDetails":[],"failureMessages":[],"fullName":"RelatedCollections - Property-Based Tests should display exactly 3 collection cards when given 3 or more collections","invocations":1,"location":null,"numPassingAsserts":400,"retryReasons":[],"startAt":1767435491533,"status":"passed","title":"should display exactly 3 collection cards when given 3 or more collections"},{"ancestorTitles":["RelatedCollections - Property-Based Tests"],"duration":4,"failing":false,"failureDetails":[],"failureMessages":[],"fullName":"RelatedCollections - Property-Based Tests should not render when given an empty array","invocations":1,"location":null,"numPassingAsserts":1,"retryReasons":[],"startAt":1767435496556,"status":"passed","title":"should not render when given an empty array"},{"ancestorTitles":["RelatedCollections - Property-Based Tests"],"duration":22,"failing":false,"failureDetails":[],"failureMessages":[],"fullName":"RelatedCollections - Property-Based Tests should display all collections when given fewer than 3","invocations":1,"location":null,"numPassingAsserts":1,"retryReasons":[],"startAt":1767435496560,"status":"passed","title":"should display all collections when given fewer than 3"}],"endTime":1767435496588,"message":"","name":"C:\\Users\\user\\Documents\\PROJET GERMINALE\\edition-germinale\\src\\components\\collection\\__tests__\\RelatedCollections.test.tsx","startTime":1767435478188,"status":"passed","summary":""},{"assertionResults":[{"ancestorTitles":["Collection Detail Page - Property-Based Tests"],"duration":4320,"failing":false,"failureDetails":[],"failureMessages":[],"fullName":"Collection Detail Page - Property-Based Tests should display breadcrumb with correct collection name","invocations":1,"location":null,"numPassingAsserts":600,"retryReasons":[],"startAt":1767435485855,"status":"passed","title":"should display breadcrumb with correct collection name"},{"ancestorTitles":["Collection Detail Page - Property-Based Tests"],"duration":7102,"failing":false,"failureDetails":[],"failureMessages":[],"fullName":"Collection Detail Page - Property-Based Tests should display complete collection description without truncation","invocations":1,"location":null,"numPassingAsserts":200,"retryReasons":[],"startAt":1767435490176,"status":"passed","title":"should display complete collection description without truncation"},{"ancestorTitles":["Collection Detail Page - Property-Based Tests"],"duration":3278,"failing":false,"failureDetails":[],"failureMessages":[],"fullName":"Collection Detail Page - Property-Based Tests should have correct breadcrumb structure with separators","invocations":1,"location":null,"numPassingAsserts":200,"retryReasons":[],"startAt":1767435497278,"status":"passed","title":"should have correct breadcrumb structure with separators"}],"endTime":1767435500570,"message":"","name":"C:\\Users\\user\\Documents\\PROJET GERMINALE\\edition-germinale\\app\\collections\\[slug]\\__tests__\\page.test.tsx","startTime":1767435477492,"status":"passed","summary":""},{"assertionResults":[{"ancestorTitles":["CollectionBooksSection - Property-Based Tests"],"duration":10401,"failing":false,"failureDetails":[],"failureMessages":[],"fullName":"CollectionBooksSection - Property-Based Tests should display accurate book count in subtitle for any number of books","invocations":1,"location":null,"numPassingAsserts":300,"retryReasons":[],"startAt":1767435484579,"status":"passed","title":"should display accurate book count in subtitle for any number of books"},{"ancestorTitles":["CollectionBooksSection - Property-Based Tests"],"duration":7984,"failing":false,"failureDetails":[],"failureMessages":[],"fullName":"CollectionBooksSection - Property-Based Tests should render the correct number of book cards in the grid","invocations":1,"location":null,"numPassingAsserts":100,"retryReasons":[],"startAt":1767435494982,"status":"passed","title":"should render the correct number of book cards in the grid"},{"ancestorTitles":["CollectionBooksSection - Unit Tests"],"duration":85,"failing":false,"failureDetails":[],"failureMessages":[],"fullName":"CollectionBooksSection - Unit Tests should render the section with correct title","invocations":1,"location":null,"numPassingAsserts":2,"retryReasons":[],"startAt":1767435502966,"status":"passed","title":"should render the section with correct title"},{"ancestorTitles":["CollectionBooksSection - Unit Tests"],"duration":49,"failing":false,"failureDetails":[],"failureMessages":[],"fullName":"CollectionBooksSection - Unit Tests should display the correct book count in subtitle","invocations":1,"location":null,"numPassingAsserts":2,"retryReasons":[],"startAt":1767435503052,"status":"passed","title":"should display the correct book count in subtitle"},{"ancestorTitles":["CollectionBooksSection - Unit Tests"],"duration":49,"failing":false,"failureDetails":[],"failureMessages":[],"fullName":"CollectionBooksSection - Unit Tests should render the \"Voir tous les détails\" link","invocations":1,"location":null,"numPassingAsserts":3,"retryReasons":[],"startAt":1767435503102,"status":"passed","title":"should render the \"Voir tous les détails\" link"},{"ancestorTitles":["CollectionBooksSection - Unit Tests"],"duration":52,"failing":false,"failureDetails":[],"failureMessages":[],"fullName":"CollectionBooksSection - Unit Tests should render all book cards in the grid","invocations":1,"location":null,"numPassingAsserts":2,"retryReasons":[],"startAt":1767435503152,"status":"passed","title":"should render all book cards in the grid"},{"ancestorTitles":["CollectionBooksSection - Unit Tests"],"duration":40,"failing":false,"failureDetails":[],"failureMessages":[],"fullName":"CollectionBooksSection - Unit Tests should have responsive grid classes","invocations":1,"location":null,"numPassingAsserts":4,"retryReasons":[],"startAt":1767435503209,"status":"passed","title":"should have responsive grid classes"},{"ancestorTitles":["CollectionBooksSection - Unit Tests"],"duration":13,"failing":false,"failureDetails":[],"failureMessages":[],"fullName":"CollectionBooksSection - Unit Tests should render empty grid when no books provided","invocations":1,"location":null,"numPassingAsserts":3,"retryReasons":[],"startAt":1767435503250,"status":"passed","title":"should render empty grid when no books provided"}],"endTime":1767435503268,"message":"","name":"C:\\Users\\user\\Documents\\PROJET GERMINALE\\edition-germinale\\src\\components\\collection\\__tests__\\CollectionBooksSection.test.tsx","startTime":1767435476998,"status":"passed","summary":""},{"assertionResults":[{"ancestorTitles":["Property 1: Validation des champs personnels","Empty or whitespace-only lastName validation"],"duration":135,"failing":false,"failureDetails":[],"failureMessages":[],"fullName":"Property 1: Validation des champs personnels Empty or whitespace-only lastName validation should reject empty lastName","invocations":1,"location":null,"numPassingAsserts":0,"retryReasons":[],"startAt":1767435483550,"status":"passed","title":"should reject empty lastName"},{"ancestorTitles":["Property 1: Validation des champs personnels","Empty or whitespace-only lastName validation"],"duration":58,"failing":false,"failureDetails":[],"failureMessages":[],"fullName":"Property 1: Validation des champs personnels Empty or whitespace-only lastName validation should reject whitespace-only lastName","invocations":1,"location":null,"numPassingAsserts":0,"retryReasons":[],"startAt":1767435483694,"status":"passed","title":"should reject whitespace-only lastName"},{"ancestorTitles":["Property 1: Validation des champs personnels","Empty or whitespace-only lastName validation"],"duration":86,"failing":false,"failureDetails":[],"failureMessages":[],"fullName":"Property 1: Validation des champs personnels Empty or whitespace-only lastName validation should accept valid lastName with non-whitespace characters","invocations":1,"location":null,"numPassingAsserts":0,"retryReasons":[],"startAt":1767435483752,"status":"passed","title":"should accept valid lastName with non-whitespace characters"},{"ancestorTitles":["Property 1: Validation des champs personnels","Invalid email format validation"],"duration":58,"failing":false,"failureDetails":[],"failureMessages":[],"fullName":"Property 1: Validation des champs personnels Invalid email format validation should reject invalid email formats","invocations":1,"location":null,"numPassingAsserts":0,"retryReasons":[],"startAt":1767435483839,"status":"passed","title":"should reject invalid email formats"},{"ancestorTitles":["Property 1: Validation des champs personnels","Invalid email format validation"],"duration":43,"failing":false,"failureDetails":[],"failureMessages":[],"fullName":"Property 1: Validation des champs personnels Invalid email format validation should accept valid email formats","invocations":1,"location":null,"numPassingAsserts":0,"retryReasons":[],"startAt":1767435483898,"status":"passed","title":"should accept valid email formats"},{"ancestorTitles":["Property 1: Validation des champs personnels","Empty firstName validation"],"duration":56,"failing":false,"failureDetails":[],"failureMessages":[],"fullName":"Property 1: Validation des champs personnels Empty firstName validation should reject empty firstName","invocations":1,"location":null,"numPassingAsserts":0,"retryReasons":[],"startAt":1767435483942,"status":"passed","title":"should reject empty firstName"},{"ancestorTitles":["Property 1: Validation des champs personnels","Empty firstName validation"],"duration":48,"failing":false,"failureDetails":[],"failureMessages":[],"fullName":"Property 1: Validation des champs personnels Empty firstName validation should reject whitespace-only firstName","invocations":1,"location":null,"numPassingAsserts":0,"retryReasons":[],"startAt":1767435483999,"status":"passed","title":"should reject whitespace-only firstName"},{"ancestorTitles":["Property 2: Validation du synopsis","Synopsis word count validation"],"duration":173,"failing":false,"failureDetails":[],"failureMessages":[],"fullName":"Property 2: Validation du synopsis Synopsis word count validation should reject synopsis with more than 500 words","invocations":1,"location":null,"numPassingAsserts":0,"retryReasons":[],"startAt":1767435484049,"status":"passed","title":"should reject synopsis with more than 500 words"},{"ancestorTitles":["Property 2: Validation du synopsis","Synopsis word count validation"],"duration":142,"failing":false,"failureDetails":[],"failureMessages":[],"fullName":"Property 2: Validation du synopsis Synopsis word count validation should accept synopsis with exactly 500 words","invocations":1,"location":null,"numPassingAsserts":0,"retryReasons":[],"startAt":1767435484225,"status":"passed","title":"should accept synopsis with exactly 500 words"},{"ancestorTitles":["Property 2: Validation du synopsis","Synopsis word count validation"],"duration":25,"failing":false,"failureDetails":[],"failureMessages":[],"fullName":"Property 2: Validation du synopsis Synopsis word count validation should accept synopsis with less than 500 words but at least 50 characters","invocations":1,"location":null,"numPassingAsserts":0,"retryReasons":[],"startAt":1767435484367,"status":"passed","title":"should accept synopsis with less than 500 words but at least 50 characters"},{"ancestorTitles":["Property 2: Validation du synopsis","Synopsis word count validation"],"duration":56,"failing":false,"failureDetails":[],"failureMessages":[],"fullName":"Property 2: Validation du synopsis Synopsis word count validation should reject synopsis with less than 50 characters","invocations":1,"location":null,"numPassingAsserts":0,"retryReasons":[],"startAt":1767435484393,"status":"passed","title":"should reject synopsis with less than 50 characters"},{"ancestorTitles":["Property 2: Validation du synopsis","countWords utility function properties"],"duration":3,"failing":false,"failureDetails":[],"failureMessages":[],"fullName":"Property 2: Validation du synopsis countWords utility function properties should return 0 for empty or whitespace-only strings","invocations":1,"location":null,"numPassingAsserts":0,"retryReasons":[],"startAt":1767435484449,"status":"passed","title":"should return 0 for empty or whitespace-only strings"},{"ancestorTitles":["Property 2: Validation du synopsis","countWords utility function properties"],"duration":75,"failing":false,"failureDetails":[],"failureMessages":[],"fullName":"Property 2: Validation du synopsis countWords utility function properties should count words correctly regardless of whitespace between them","invocations":1,"location":null,"numPassingAsserts":0,"retryReasons":[],"startAt":1767435484452,"status":"passed","title":"should count words correctly regardless of whitespace between them"},{"ancestorTitles":["Property 3: Validation du fichier PDF","PDF MIME type validation"],"duration":10,"failing":false,"failureDetails":[],"failureMessages":[],"fullName":"Property 3: Validation du fichier PDF PDF MIME type validation should reject files with non-PDF MIME types","invocations":1,"location":null,"numPassingAsserts":0,"retryReasons":[],"startAt":1767435484527,"status":"passed","title":"should reject files with non-PDF MIME types"},{"ancestorTitles":["Property 3: Validation du fichier PDF","PDF MIME type validation"],"duration":1874,"failing":false,"failureDetails":[],"failureMessages":[],"fullName":"Property 3: Validation du fichier PDF PDF MIME type validation should accept files with PDF MIME type","invocations":1,"location":null,"numPassingAsserts":0,"retryReasons":[],"startAt":1767435484537,"status":"passed","title":"should accept files with PDF MIME type"},{"ancestorTitles":["Property 3: Validation du fichier PDF","PDF file size validation"],"duration":6830,"failing":false,"failureDetails":[],"failureMessages":[],"fullName":"Property 3: Validation du fichier PDF PDF file size validation should reject PDF files exceeding 10 Mo","invocations":1,"location":null,"numPassingAsserts":0,"retryReasons":[],"startAt":1767435486411,"status":"passed","title":"should reject PDF files exceeding 10 Mo"},{"ancestorTitles":["Property 3: Validation du fichier PDF","PDF file size validation"],"duration":4421,"failing":false,"failureDetails":[],"failureMessages":[],"fullName":"Property 3: Validation du fichier PDF PDF file size validation should accept PDF files at exactly 10 Mo","invocations":1,"location":null,"numPassingAsserts":0,"retryReasons":[],"startAt":1767435493242,"status":"passed","title":"should accept PDF files at exactly 10 Mo"},{"ancestorTitles":["Property 3: Validation du fichier PDF","PDF file size validation"],"duration":1811,"failing":false,"failureDetails":[],"failureMessages":[],"fullName":"Property 3: Validation du fichier PDF PDF file size validation should accept PDF files under 10 Mo","invocations":1,"location":null,"numPassingAsserts":0,"retryReasons":[],"startAt":1767435497663,"status":"passed","title":"should accept PDF files under 10 Mo"},{"ancestorTitles":["Property 3: Validation du fichier PDF","Null file validation"],"duration":12,"failing":false,"failureDetails":[],"failureMessages":[],"fullName":"Property 3: Validation du fichier PDF Null file validation should reject null file","invocations":1,"location":null,"numPassingAsserts":0,"retryReasons":[],"startAt":1767435499475,"status":"passed","title":"should reject null file"},{"ancestorTitles":["Property 3: Validation du fichier PDF","Combined validation - MIME type takes precedence over size"],"duration":4286,"failing":false,"failureDetails":[],"failureMessages":[],"fullName":"Property 3: Validation du fichier PDF Combined validation - MIME type takes precedence over size should report MIME type error for non-PDF files regardless of size","invocations":1,"location":null,"numPassingAsserts":0,"retryReasons":[],"startAt":1767435499488,"status":"passed","title":"should report MIME type error for non-PDF files regardless of size"}],"endTime":1767435504024,"message":"","name":"C:\\Users\\user\\Documents\\PROJET GERMINALE\\edition-germinale\\src\\lib\\validations\\__tests__\\manuscript.property.test.ts","startTime":1767435477848,"status":"passed","summary":""},{"assertionResults":[{"ancestorTitles":["CollectionHero - Property-Based Tests"],"duration":6444,"failing":false,"failureDetails":[],"failureMessages":[],"fullName":"CollectionHero - Property-Based Tests should conditionally render limited edition badge based on isLimited property","invocations":1,"location":null,"numPassingAsserts":151,"retryReasons":[],"startAt":1767435485922,"status":"passed","title":"should conditionally render limited edition badge based on isLimited property"},{"ancestorTitles":["CollectionHero - Property-Based Tests"],"duration":5997,"failing":false,"failureDetails":[],"failureMessages":[],"fullName":"CollectionHero - Property-Based Tests should display price reduction correctly when discount exists","invocations":1,"location":null,"numPassingAsserts":700,"retryReasons":[],"startAt":1767435492368,"status":"passed","title":"should display price reduction correctly when discount exists"},{"ancestorTitles":["CollectionHero - Property-Based Tests"],"duration":6253,"failing":false,"failureDetails":[],"failureMessages":[],"fullName":"CollectionHero - Property-Based Tests should display only current price when no discount exists","invocations":1,"location":null,"numPassingAsserts":400,"retryReasons":[],"startAt":1767435498365,"status":"passed","title":"should display only current price when no discount exists"}],"endTime":1767435504621,"message":"","name":"C:\\Users\\user\\Documents\\PROJET GERMINALE\\edition-germinale\\src\\components\\collection\\__tests__\\CollectionHero.test.tsx","startTime":1767435477385,"status":"passed","summary":""},{"assertionResults":[{"ancestorTitles":["RegisterForm - Unit Tests","Field Rendering"],"duration":251,"failing":false,"failureDetails":[],"failureMessages":[],"fullName":"RegisterForm - Unit Tests Field Rendering should render full name input with label and placeholder","invocations":1,"location":null,"numPassingAsserts":2,"retryReasons":[],"startAt":1767435499027,"status":"passed","title":"should render full name input with label and placeholder"},{"ancestorTitles":["RegisterForm - Unit Tests","Field Rendering"],"duration":69,"failing":false,"failureDetails":[],"failureMessages":[],"fullName":"RegisterForm - Unit Tests Field Rendering should render email input with label and placeholder","invocations":1,"location":null,"numPassingAsserts":2,"retryReasons":[],"startAt":1767435499282,"status":"passed","title":"should render email input with label and placeholder"},{"ancestorTitles":["RegisterForm - Unit Tests","Field Rendering"],"duration":191,"failing":false,"failureDetails":[],"failureMessages":[],"fullName":"RegisterForm - Unit Tests Field Rendering should render password input with label and placeholder","invocations":1,"location":null,"numPassingAsserts":2,"retryReasons":[],"startAt":1767435499352,"status":"passed","title":"should render password input with label and placeholder"},{"ancestorTitles":["RegisterForm - Unit Tests","Field Rendering"],"duration":184,"failing":false,"failureDetails":[],"failureMessages":[],"fullName":"RegisterForm - Unit Tests Field Rendering should render confirm password input with label","invocations":1,"location":null,"numPassingAsserts":1,"retryReasons":[],"startAt":1767435499544,"status":"passed","title":"should render confirm password input with label"},{"ancestorTitles":["RegisterForm - Unit Tests","Field Rendering"],"duration":889,"failing":false,"failureDetails":[],"failureMessages":[],"fullName":"RegisterForm - Unit Tests Field Rendering should render submit button with correct text","invocations":1,"location":null,"numPassingAsserts":2,"retryReasons":[],"startAt":1767435499729,"status":"passed","title":"should render submit button with correct text"},{"ancestorTitles":["RegisterForm - Unit Tests","Password Toggle"],"duration":459,"failing":false,"failureDetails":[],"failureMessages":[],"fullName":"RegisterForm - Unit Tests Password Toggle should toggle password visibility when eye icon is clicked","invocations":1,"location":null,"numPassingAsserts":3,"retryReasons":[],"startAt":1767435500619,"status":"passed","title":"should toggle password visibility when eye icon is clicked"},{"ancestorTitles":["RegisterForm - Unit Tests","Password Toggle"],"duration":415,"failing":false,"failureDetails":[],"failureMessages":[],"fullName":"RegisterForm - Unit Tests Password Toggle should toggle confirm password visibility independently","invocations":1,"location":null,"numPassingAsserts":2,"retryReasons":[],"startAt":1767435501079,"status":"passed","title":"should toggle confirm password visibility independently"},{"ancestorTitles":["RegisterForm - Unit Tests","Password Match Validation"],"duration":762,"failing":false,"failureDetails":[],"failureMessages":[],"fullName":"RegisterForm - Unit Tests Password Match Validation should show error when passwords do not match","invocations":1,"location":null,"numPassingAsserts":2,"retryReasons":[],"startAt":1767435501494,"status":"passed","title":"should show error when passwords do not match"},{"ancestorTitles":["RegisterForm - Unit Tests","Validation and Errors"],"duration":319,"failing":false,"failureDetails":[],"failureMessages":[],"fullName":"RegisterForm - Unit Tests Validation and Errors should show error when required fields are empty on submit","invocations":1,"location":null,"numPassingAsserts":2,"retryReasons":[],"startAt":1767435502256,"status":"passed","title":"should show error when required fields are empty on submit"},{"ancestorTitles":["RegisterForm - Unit Tests","Validation and Errors"],"duration":570,"failing":false,"failureDetails":[],"failureMessages":[],"fullName":"RegisterForm - Unit Tests Validation and Errors should show error when email format is invalid","invocations":1,"location":null,"numPassingAsserts":2,"retryReasons":[],"startAt":1767435502577,"status":"passed","title":"should show error when email format is invalid"},{"ancestorTitles":["RegisterForm - Unit Tests","Validation and Errors"],"duration":630,"failing":false,"failureDetails":[],"failureMessages":[],"fullName":"RegisterForm - Unit Tests Validation and Errors should show error when password is too short","invocations":1,"location":null,"numPassingAsserts":2,"retryReasons":[],"startAt":1767435503148,"status":"passed","title":"should show error when password is too short"},{"ancestorTitles":["RegisterForm - Unit Tests","Form Submission"],"duration":361,"failing":false,"failureDetails":[],"failureMessages":[],"fullName":"RegisterForm - Unit Tests Form Submission should call onSubmit with form data when validation passes","invocations":1,"location":null,"numPassingAsserts":1,"retryReasons":[],"startAt":1767435503779,"status":"passed","title":"should call onSubmit with form data when validation passes"},{"ancestorTitles":["RegisterForm - Unit Tests","Form Submission"],"duration":602,"failing":false,"failureDetails":[],"failureMessages":[],"fullName":"RegisterForm - Unit Tests Form Submission should disable submit button while submitting","invocations":1,"location":null,"numPassingAsserts":2,"retryReasons":[],"startAt":1767435504140,"status":"passed","title":"should disable submit button while submitting"}],"endTime":1767435504745,"message":"","name":"C:\\Users\\user\\Documents\\PROJET GERMINALE\\edition-germinale\\src\\components\\auth\\__tests__\\RegisterForm.test.tsx","startTime":1767435494652,"status":"passed","summary":""},{"assertionResults":[{"ancestorTitles":["LoginForm - Unit Tests","Field Rendering"],"duration":289,"failing":false,"failureDetails":[],"failureMessages":[],"fullName":"LoginForm - Unit Tests Field Rendering should render email input with label and placeholder","invocations":1,"location":null,"numPassingAsserts":2,"retryReasons":[],"startAt":1767435500707,"status":"passed","title":"should render email input with label and placeholder"},{"ancestorTitles":["LoginForm - Unit Tests","Field Rendering"],"duration":185,"failing":false,"failureDetails":[],"failureMessages":[],"fullName":"LoginForm - Unit Tests Field Rendering should render password input with label and placeholder","invocations":1,"location":null,"numPassingAsserts":2,"retryReasons":[],"startAt":1767435500997,"status":"passed","title":"should render password input with label and placeholder"},{"ancestorTitles":["LoginForm - Unit Tests","Field Rendering"],"duration":1414,"failing":false,"failureDetails":[],"failureMessages":[],"fullName":"LoginForm - Unit Tests Field Rendering should render \"Se souvenir de moi\" checkbox","invocations":1,"location":null,"numPassingAsserts":2,"retryReasons":[],"startAt":1767435501182,"status":"passed","title":"should render \"Se souvenir de moi\" checkbox"},{"ancestorTitles":["LoginForm - Unit Tests","Field Rendering"],"duration":100,"failing":false,"failureDetails":[],"failureMessages":[],"fullName":"LoginForm - Unit Tests Field Rendering should render \"Mot de passe oublié ?\" link","invocations":1,"location":null,"numPassingAsserts":1,"retryReasons":[],"startAt":1767435502597,"status":"passed","title":"should render \"Mot de passe oublié ?\" link"},{"ancestorTitles":["LoginForm - Unit Tests","Field Rendering"],"duration":322,"failing":false,"failureDetails":[],"failureMessages":[],"fullName":"LoginForm - Unit Tests Field Rendering should render submit button with correct text and arrow","invocations":1,"location":null,"numPassingAsserts":2,"retryReasons":[],"startAt":1767435502697,"status":"passed","title":"should render submit button with correct text and arrow"},{"ancestorTitles":["LoginForm - Unit Tests","Password Toggle"],"duration":504,"failing":false,"failureDetails":[],"failureMessages":[],"fullName":"LoginForm - Unit Tests Password Toggle should toggle password visibility when eye icon is clicked","invocations":1,"location":null,"numPassingAsserts":3,"retryReasons":[],"startAt":1767435503021,"status":"passed","title":"should toggle password visibility when eye icon is clicked"},{"ancestorTitles":["LoginForm - Unit Tests","Validation and Errors"],"duration":305,"failing":false,"failureDetails":[],"failureMessages":[],"fullName":"LoginForm - Unit Tests Validation and Errors should show error when email is empty on submit","invocations":1,"location":null,"numPassingAsserts":2,"retryReasons":[],"startAt":1767435503526,"status":"passed","title":"should show error when email is empty on submit"},{"ancestorTitles":["LoginForm - Unit Tests","Validation and Errors"],"duration":318,"failing":false,"failureDetails":[],"failureMessages":[],"fullName":"LoginForm - Unit Tests Validation and Errors should show error when email format is invalid","invocations":1,"location":null,"numPassingAsserts":2,"retryReasons":[],"startAt":1767435503831,"status":"passed","title":"should show error when email format is invalid"},{"ancestorTitles":["LoginForm - Unit Tests","Validation and Errors"],"duration":264,"failing":false,"failureDetails":[],"failureMessages":[],"fullName":"LoginForm - Unit Tests Validation and Errors should show error when password is too short","invocations":1,"location":null,"numPassingAsserts":2,"retryReasons":[],"startAt":1767435504151,"status":"passed","title":"should show error when password is too short"},{"ancestorTitles":["LoginForm - Unit Tests","Form Submission"],"duration":202,"failing":false,"failureDetails":[],"failureMessages":[],"fullName":"LoginForm - Unit Tests Form Submission should call onSubmit with form data when validation passes","invocations":1,"location":null,"numPassingAsserts":1,"retryReasons":[],"startAt":1767435504416,"status":"passed","title":"should call onSubmit with form data when validation passes"},{"ancestorTitles":["LoginForm - Unit Tests","Form Submission"],"duration":55,"failing":false,"failureDetails":[],"failureMessages":[],"fullName":"LoginForm - Unit Tests Form Submission should call onForgotPassword when forgot password link is clicked","invocations":1,"location":null,"numPassingAsserts":1,"retryReasons":[],"startAt":1767435504623,"status":"passed","title":"should call onForgotPassword when forgot password link is clicked"},{"ancestorTitles":["LoginForm - Unit Tests","Form Submission"],"duration":353,"failing":false,"failureDetails":[],"failureMessages":[],"fullName":"LoginForm - Unit Tests Form Submission should disable submit button while submitting","invocations":1,"location":null,"numPassingAsserts":2,"retryReasons":[],"startAt":1767435504678,"status":"passed","title":"should disable submit button while submitting"}],"endTime":1767435505041,"message":"","name":"C:\\Users\\user\\Documents\\PROJET GERMINALE\\edition-germinale\\src\\components\\auth\\__tests__\\LoginForm.test.tsx","startTime":1767435497188,"status":"passed","summary":""},{"assertionResults":[{"ancestorTitles":["ManuscriptForm - Component Rendering"],"duration":391,"failing":false,"failureDetails":[],"failureMessages":[],"fullName":"ManuscriptForm - Component Rendering should render the form with all three sections","invocations":1,"location":null,"numPassingAsserts":4,"retryReasons":[],"startAt":1767435500448,"status":"passed","title":"should render the form with all three sections"},{"ancestorTitles":["ManuscriptForm - Component Rendering"],"duration":161,"failing":false,"failureDetails":[],"failureMessages":[],"fullName":"ManuscriptForm - Component Rendering should render the submit button","invocations":1,"location":null,"numPassingAsserts":2,"retryReasons":[],"startAt":1767435500840,"status":"passed","title":"should render the submit button"},{"ancestorTitles":["ManuscriptForm - Component Rendering"],"duration":436,"failing":false,"failureDetails":[],"failureMessages":[],"fullName":"ManuscriptForm - Component Rendering should render the privacy policy text with link","invocations":1,"location":null,"numPassingAsserts":3,"retryReasons":[],"startAt":1767435501001,"status":"passed","title":"should render the privacy policy text with link"},{"ancestorTitles":["ManuscriptForm - Component Rendering"],"duration":340,"failing":false,"failureDetails":[],"failureMessages":[],"fullName":"ManuscriptForm - Component Rendering should have submit button disabled initially","invocations":1,"location":null,"numPassingAsserts":1,"retryReasons":[],"startAt":1767435501438,"status":"passed","title":"should have submit button disabled initially"},{"ancestorTitles":["PersonalInfoSection - Rendering"],"duration":86,"failing":false,"failureDetails":[],"failureMessages":[],"fullName":"PersonalInfoSection - Rendering should render section number and title","invocations":1,"location":null,"numPassingAsserts":2,"retryReasons":[],"startAt":1767435501779,"status":"passed","title":"should render section number and title"},{"ancestorTitles":["PersonalInfoSection - Rendering"],"duration":237,"failing":false,"failureDetails":[],"failureMessages":[],"fullName":"PersonalInfoSection - Rendering should render all personal info fields","invocations":1,"location":null,"numPassingAsserts":5,"retryReasons":[],"startAt":1767435501865,"status":"passed","title":"should render all personal info fields"},{"ancestorTitles":["PersonalInfoSection - Rendering"],"duration":186,"failing":false,"failureDetails":[],"failureMessages":[],"fullName":"PersonalInfoSection - Rendering should have correct placeholders","invocations":1,"location":null,"numPassingAsserts":5,"retryReasons":[],"startAt":1767435502102,"status":"passed","title":"should have correct placeholders"},{"ancestorTitles":["WorkDetailsSection - Rendering"],"duration":89,"failing":false,"failureDetails":[],"failureMessages":[],"fullName":"WorkDetailsSection - Rendering should render section number and title","invocations":1,"location":null,"numPassingAsserts":2,"retryReasons":[],"startAt":1767435502289,"status":"passed","title":"should render section number and title"},{"ancestorTitles":["WorkDetailsSection - Rendering"],"duration":59,"failing":false,"failureDetails":[],"failureMessages":[],"fullName":"WorkDetailsSection - Rendering should render all work details fields","invocations":1,"location":null,"numPassingAsserts":3,"retryReasons":[],"startAt":1767435502379,"status":"passed","title":"should render all work details fields"},{"ancestorTitles":["WorkDetailsSection - Rendering"],"duration":111,"failing":false,"failureDetails":[],"failureMessages":[],"fullName":"WorkDetailsSection - Rendering should display max words label","invocations":1,"location":null,"numPassingAsserts":1,"retryReasons":[],"startAt":1767435502439,"status":"passed","title":"should display max words label"},{"ancestorTitles":["WorkDetailsSection - Rendering"],"duration":59,"failing":false,"failureDetails":[],"failureMessages":[],"fullName":"WorkDetailsSection - Rendering should display word count","invocations":1,"location":null,"numPassingAsserts":1,"retryReasons":[],"startAt":1767435502551,"status":"passed","title":"should display word count"},{"ancestorTitles":["PdfUploadSection - Rendering"],"duration":64,"failing":false,"failureDetails":[],"failureMessages":[],"fullName":"PdfUploadSection - Rendering should render section number and title","invocations":1,"location":null,"numPassingAsserts":2,"retryReasons":[],"startAt":1767435502610,"status":"passed","title":"should render section number and title"},{"ancestorTitles":["PdfUploadSection - Rendering"],"duration":95,"failing":false,"failureDetails":[],"failureMessages":[],"fullName":"PdfUploadSection - Rendering should render drop zone with upload icon","invocations":1,"location":null,"numPassingAsserts":2,"retryReasons":[],"startAt":1767435502675,"status":"passed","title":"should render drop zone with upload icon"},{"ancestorTitles":["PdfUploadSection - Rendering"],"duration":99,"failing":false,"failureDetails":[],"failureMessages":[],"fullName":"PdfUploadSection - Rendering should display drop zone text","invocations":1,"location":null,"numPassingAsserts":3,"retryReasons":[],"startAt":1767435502771,"status":"passed","title":"should display drop zone text"},{"ancestorTitles":["PdfUploadSection - Rendering"],"duration":39,"failing":false,"failureDetails":[],"failureMessages":[],"fullName":"PdfUploadSection - Rendering should display file name when file is selected","invocations":1,"location":null,"numPassingAsserts":2,"retryReasons":[],"startAt":1767435502871,"status":"passed","title":"should display file name when file is selected"},{"ancestorTitles":["PdfUploadSection - Rendering"],"duration":111,"failing":false,"failureDetails":[],"failureMessages":[],"fullName":"PdfUploadSection - Rendering should display remove button when file is selected","invocations":1,"location":null,"numPassingAsserts":1,"retryReasons":[],"startAt":1767435502911,"status":"passed","title":"should display remove button when file is selected"},{"ancestorTitles":["PdfUploadSection - Rendering"],"duration":76,"failing":false,"failureDetails":[],"failureMessages":[],"fullName":"PdfUploadSection - Rendering should display error message when error prop is provided","invocations":1,"location":null,"numPassingAsserts":1,"retryReasons":[],"startAt":1767435503022,"status":"passed","title":"should display error message when error prop is provided"},{"ancestorTitles":["Validation Error Display - Requirements 2.4, 2.5"],"duration":305,"failing":false,"failureDetails":[],"failureMessages":[],"fullName":"Validation Error Display - Requirements 2.4, 2.5 should display error for empty lastName field","invocations":1,"location":null,"numPassingAsserts":1,"retryReasons":[],"startAt":1767435503099,"status":"passed","title":"should display error for empty lastName field"},{"ancestorTitles":["Validation Error Display - Requirements 2.4, 2.5"],"duration":274,"failing":false,"failureDetails":[],"failureMessages":[],"fullName":"Validation Error Display - Requirements 2.4, 2.5 should display error for invalid email format","invocations":1,"location":null,"numPassingAsserts":1,"retryReasons":[],"startAt":1767435503405,"status":"passed","title":"should display error for invalid email format"},{"ancestorTitles":["Validation Error Display - Requirements 2.4, 2.5"],"duration":169,"failing":false,"failureDetails":[],"failureMessages":[],"fullName":"Validation Error Display - Requirements 2.4, 2.5 should display error for whitespace-only lastName","invocations":1,"location":null,"numPassingAsserts":1,"retryReasons":[],"startAt":1767435503680,"status":"passed","title":"should display error for whitespace-only lastName"},{"ancestorTitles":["Synopsis Word Count - Requirement 3.7"],"duration":83,"failing":false,"failureDetails":[],"failureMessages":[],"fullName":"Synopsis Word Count - Requirement 3.7 should update word count as user types","invocations":1,"location":null,"numPassingAsserts":1,"retryReasons":[],"startAt":1767435503849,"status":"passed","title":"should update word count as user types"},{"ancestorTitles":["Synopsis Word Count - Requirement 3.7"],"duration":112,"failing":false,"failureDetails":[],"failureMessages":[],"fullName":"Synopsis Word Count - Requirement 3.7 should display warning when synopsis exceeds 500 words","invocations":1,"location":null,"numPassingAsserts":2,"retryReasons":[],"startAt":1767435503932,"status":"passed","title":"should display warning when synopsis exceeds 500 words"},{"ancestorTitles":["PDF File Validation - Requirements 4.8, 4.9"],"duration":13,"failing":false,"failureDetails":[],"failureMessages":[],"fullName":"PDF File Validation - Requirements 4.8, 4.9 should return error for null file","invocations":1,"location":null,"numPassingAsserts":1,"retryReasons":[],"startAt":1767435504046,"status":"passed","title":"should return error for null file"},{"ancestorTitles":["PDF File Validation - Requirements 4.8, 4.9"],"duration":2,"failing":false,"failureDetails":[],"failureMessages":[],"fullName":"PDF File Validation - Requirements 4.8, 4.9 should return error for non-PDF file","invocations":1,"location":null,"numPassingAsserts":1,"retryReasons":[],"startAt":1767435504060,"status":"passed","title":"should return error for non-PDF file"},{"ancestorTitles":["PDF File Validation - Requirements 4.8, 4.9"],"duration":17,"failing":false,"failureDetails":[],"failureMessages":[],"fullName":"PDF File Validation - Requirements 4.8, 4.9 should return error for file exceeding 10 Mo","invocations":1,"location":null,"numPassingAsserts":1,"retryReasons":[],"startAt":1767435504062,"status":"passed","title":"should return error for file exceeding 10 Mo"},{"ancestorTitles":["PDF File Validation - Requirements 4.8, 4.9"],"duration":2,"failing":false,"failureDetails":[],"failureMessages":[],"fullName":"PDF File Validation - Requirements 4.8, 4.9 should return null for valid PDF file","invocations":1,"location":null,"numPassingAsserts":1,"retryReasons":[],"startAt":1767435504079,"status":"passed","title":"should return null for valid PDF file"},{"ancestorTitles":["PdfUploadSection - Drag & Drop Behavior"],"duration":37,"failing":false,"failureDetails":[],"failureMessages":[],"fullName":"PdfUploadSection - Drag & Drop Behavior should handle dragOver event","invocations":1,"location":null,"numPassingAsserts":1,"retryReasons":[],"startAt":1767435504081,"status":"passed","title":"should handle dragOver event"},{"ancestorTitles":["PdfUploadSection - Drag & Drop Behavior"],"duration":44,"failing":false,"failureDetails":[],"failureMessages":[],"fullName":"PdfUploadSection - Drag & Drop Behavior should handle dragLeave event","invocations":1,"location":null,"numPassingAsserts":1,"retryReasons":[],"startAt":1767435504118,"status":"passed","title":"should handle dragLeave event"},{"ancestorTitles":["PdfUploadSection - Drag & Drop Behavior"],"duration":30,"failing":false,"failureDetails":[],"failureMessages":[],"fullName":"PdfUploadSection - Drag & Drop Behavior should handle drop event with valid PDF file","invocations":1,"location":null,"numPassingAsserts":1,"retryReasons":[],"startAt":1767435504162,"status":"passed","title":"should handle drop event with valid PDF file"},{"ancestorTitles":["PdfUploadSection - Drag & Drop Behavior"],"duration":91,"failing":false,"failureDetails":[],"failureMessages":[],"fullName":"PdfUploadSection - Drag & Drop Behavior should reject non-PDF file on drop","invocations":1,"location":null,"numPassingAsserts":1,"retryReasons":[],"startAt":1767435504192,"status":"passed","title":"should reject non-PDF file on drop"},{"ancestorTitles":["PdfUploadSection - Drag & Drop Behavior"],"duration":86,"failing":false,"failureDetails":[],"failureMessages":[],"fullName":"PdfUploadSection - Drag & Drop Behavior should handle click to open file selector","invocations":1,"location":null,"numPassingAsserts":1,"retryReasons":[],"startAt":1767435504284,"status":"passed","title":"should handle click to open file selector"},{"ancestorTitles":["PdfUploadSection - Drag & Drop Behavior"],"duration":125,"failing":false,"failureDetails":[],"failureMessages":[],"fullName":"PdfUploadSection - Drag & Drop Behavior should handle keyboard navigation (Enter key)","invocations":1,"location":null,"numPassingAsserts":1,"retryReasons":[],"startAt":1767435504370,"status":"passed","title":"should handle keyboard navigation (Enter key)"},{"ancestorTitles":["PdfUploadSection - Drag & Drop Behavior"],"duration":43,"failing":false,"failureDetails":[],"failureMessages":[],"fullName":"PdfUploadSection - Drag & Drop Behavior should handle keyboard navigation (Space key)","invocations":1,"location":null,"numPassingAsserts":1,"retryReasons":[],"startAt":1767435504495,"status":"passed","title":"should handle keyboard navigation (Space key)"},{"ancestorTitles":["PdfUploadSection - Drag & Drop Behavior"],"duration":106,"failing":false,"failureDetails":[],"failureMessages":[],"fullName":"PdfUploadSection - Drag & Drop Behavior should remove file when remove button is clicked","invocations":1,"location":null,"numPassingAsserts":1,"retryReasons":[],"startAt":1767435504538,"status":"passed","title":"should remove file when remove button is clicked"},{"ancestorTitles":["countWords utility function"],"duration":3,"failing":false,"failureDetails":[],"failureMessages":[],"fullName":"countWords utility function should count words correctly","invocations":1,"location":null,"numPassingAsserts":5,"retryReasons":[],"startAt":1767435504645,"status":"passed","title":"should count words correctly"},{"ancestorTitles":["countWords utility function"],"duration":1,"failing":false,"failureDetails":[],"failureMessages":[],"fullName":"countWords utility function should handle multiple spaces between words","invocations":1,"location":null,"numPassingAsserts":2,"retryReasons":[],"startAt":1767435504648,"status":"passed","title":"should handle multiple spaces between words"},{"ancestorTitles":["countWords utility function"],"duration":2,"failing":false,"failureDetails":[],"failureMessages":[],"fullName":"countWords utility function should handle newlines and tabs","invocations":1,"location":null,"numPassingAsserts":3,"retryReasons":[],"startAt":1767435504649,"status":"passed","title":"should handle newlines and tabs"}],"endTime":1767435504658,"message":"","name":"C:\\Users\\user\\Documents\\PROJET GERMINALE\\edition-germinale\\src\\components\\manuscript\\__tests__\\ManuscriptForm.test.tsx","startTime":1767435493422,"status":"passed","summary":""},{"assertionResults":[{"ancestorTitles":["FormSection","Header Section"],"duration":214,"failing":false,"failureDetails":[],"failureMessages":[],"fullName":"FormSection Header Section should display \"EDITIONS GERMINALE\" in gold","invocations":1,"location":null,"numPassingAsserts":2,"retryReasons":[],"startAt":1767435505838,"status":"passed","title":"should display \"EDITIONS GERMINALE\" in gold"},{"ancestorTitles":["FormSection","Header Section"],"duration":204,"failing":false,"failureDetails":[],"failureMessages":[],"fullName":"FormSection Header Section should display \"Bienvenue\" as main title","invocations":1,"location":null,"numPassingAsserts":2,"retryReasons":[],"startAt":1767435506054,"status":"passed","title":"should display \"Bienvenue\" as main title"},{"ancestorTitles":["FormSection","Header Section"],"duration":85,"failing":false,"failureDetails":[],"failureMessages":[],"fullName":"FormSection Header Section should display subtitle in gray","invocations":1,"location":null,"numPassingAsserts":2,"retryReasons":[],"startAt":1767435506258,"status":"passed","title":"should display subtitle in gray"},{"ancestorTitles":["FormSection","Tab Switcher Integration"],"duration":139,"failing":false,"failureDetails":[],"failureMessages":[],"fullName":"FormSection Tab Switcher Integration should render TabSwitcher component","invocations":1,"location":null,"numPassingAsserts":2,"retryReasons":[],"startAt":1767435506343,"status":"passed","title":"should render TabSwitcher component"},{"ancestorTitles":["FormSection","Tab Switcher Integration"],"duration":150,"failing":false,"failureDetails":[],"failureMessages":[],"fullName":"FormSection Tab Switcher Integration should call onTabChange when tab is clicked","invocations":1,"location":null,"numPassingAsserts":1,"retryReasons":[],"startAt":1767435506482,"status":"passed","title":"should call onTabChange when tab is clicked"},{"ancestorTitles":["FormSection","Conditional Form Display"],"duration":115,"failing":false,"failureDetails":[],"failureMessages":[],"fullName":"FormSection Conditional Form Display should display LoginForm when activeTab is login","invocations":1,"location":null,"numPassingAsserts":4,"retryReasons":[],"startAt":1767435506633,"status":"passed","title":"should display LoginForm when activeTab is login"},{"ancestorTitles":["FormSection","Conditional Form Display"],"duration":161,"failing":false,"failureDetails":[],"failureMessages":[],"fullName":"FormSection Conditional Form Display should display RegisterForm when activeTab is register","invocations":1,"location":null,"numPassingAsserts":3,"retryReasons":[],"startAt":1767435506749,"status":"passed","title":"should display RegisterForm when activeTab is register"},{"ancestorTitles":["FormSection","Social Auth Section"],"duration":71,"failing":false,"failureDetails":[],"failureMessages":[],"fullName":"FormSection Social Auth Section should display separator \"Ou continuer avec\"","invocations":1,"location":null,"numPassingAsserts":1,"retryReasons":[],"startAt":1767435506912,"status":"passed","title":"should display separator \"Ou continuer avec\""},{"ancestorTitles":["FormSection","Social Auth Section"],"duration":119,"failing":false,"failureDetails":[],"failureMessages":[],"fullName":"FormSection Social Auth Section should display Google and Apple buttons","invocations":1,"location":null,"numPassingAsserts":2,"retryReasons":[],"startAt":1767435506983,"status":"passed","title":"should display Google and Apple buttons"},{"ancestorTitles":["FormSection","Switch Link"],"duration":90,"failing":false,"failureDetails":[],"failureMessages":[],"fullName":"FormSection Switch Link should display \"Créer un compte\" link when on login view","invocations":1,"location":null,"numPassingAsserts":3,"retryReasons":[],"startAt":1767435507103,"status":"passed","title":"should display \"Créer un compte\" link when on login view"},{"ancestorTitles":["FormSection","Switch Link"],"duration":163,"failing":false,"failureDetails":[],"failureMessages":[],"fullName":"FormSection Switch Link should display \"Se connecter\" link when on register view","invocations":1,"location":null,"numPassingAsserts":3,"retryReasons":[],"startAt":1767435507193,"status":"passed","title":"should display \"Se connecter\" link when on register view"},{"ancestorTitles":["FormSection","Switch Link"],"duration":96,"failing":false,"failureDetails":[],"failureMessages":[],"fullName":"FormSection Switch Link should switch to register when \"Créer un compte\" is clicked","invocations":1,"location":null,"numPassingAsserts":1,"retryReasons":[],"startAt":1767435507356,"status":"passed","title":"should switch to register when \"Créer un compte\" is clicked"},{"ancestorTitles":["FormSection","Switch Link"],"duration":256,"failing":false,"failureDetails":[],"failureMessages":[],"fullName":"FormSection Switch Link should switch to login when \"Se connecter\" is clicked","invocations":1,"location":null,"numPassingAsserts":1,"retryReasons":[],"startAt":1767435507452,"status":"passed","title":"should switch to login when \"Se connecter\" is clicked"},{"ancestorTitles":["FormSection","Legal Links"],"duration":144,"failing":false,"failureDetails":[],"failureMessages":[],"fullName":"FormSection Legal Links should display \"Conditions d'utilisation\" link","invocations":1,"location":null,"numPassingAsserts":2,"retryReasons":[],"startAt":1767435507708,"status":"passed","title":"should display \"Conditions d'utilisation\" link"},{"ancestorTitles":["FormSection","Legal Links"],"duration":152,"failing":false,"failureDetails":[],"failureMessages":[],"fullName":"FormSection Legal Links should display \"Politique de confidentialité\" link","invocations":1,"location":null,"numPassingAsserts":2,"retryReasons":[],"startAt":1767435507853,"status":"passed","title":"should display \"Politique de confidentialité\" link"}],"endTime":1767435508008,"message":"","name":"C:\\Users\\user\\Documents\\PROJET GERMINALE\\edition-germinale\\src\\components\\auth\\__tests__\\FormSection.test.tsx","startTime":1767435501931,"status":"passed","summary":""},{"assertionResults":[{"ancestorTitles":["BookCard - Property-Based Tests"],"duration":677,"failing":false,"failureDetails":[],"failureMessages":[],"fullName":"BookCard - Property-Based Tests should display cover image, price badge, title, and author for any valid book","invocations":1,"location":null,"numPassingAsserts":240,"retryReasons":[],"startAt":1767435507359,"status":"passed","title":"should display cover image, price badge, title, and author for any valid book"}],"endTime":1767435508038,"message":"","name":"C:\\Users\\user\\Documents\\PROJET GERMINALE\\edition-germinale\\src\\components\\book\\__tests__\\BookCard.test.tsx","startTime":1767435504981,"status":"passed","summary":""},{"assertionResults":[{"ancestorTitles":["Pagination - Property-Based Tests"],"duration":248,"failing":false,"failureDetails":[],"failureMessages":[],"fullName":"Pagination - Property-Based Tests should respect pagination bounds: getNextPage never exceeds totalPages","invocations":1,"location":null,"numPassingAsserts":300,"retryReasons":[],"startAt":1767435507565,"status":"passed","title":"should respect pagination bounds: getNextPage never exceeds totalPages"},{"ancestorTitles":["Pagination - Property-Based Tests"],"duration":89,"failing":false,"failureDetails":[],"failureMessages":[],"fullName":"Pagination - Property-Based Tests should respect pagination bounds: getPreviousPage never goes below 1","invocations":1,"location":null,"numPassingAsserts":200,"retryReasons":[],"startAt":1767435507814,"status":"passed","title":"should respect pagination bounds: getPreviousPage never goes below 1"},{"ancestorTitles":["Pagination - Property-Based Tests"],"duration":75,"failing":false,"failureDetails":[],"failureMessages":[],"fullName":"Pagination - Property-Based Tests should validate page numbers correctly within bounds","invocations":1,"location":null,"numPassingAsserts":100,"retryReasons":[],"startAt":1767435507904,"status":"passed","title":"should validate page numbers correctly within bounds"},{"ancestorTitles":["Pagination - Property-Based Tests"],"duration":561,"failing":false,"failureDetails":[],"failureMessages":[],"fullName":"Pagination - Property-Based Tests should only show valid page numbers in visible pages","invocations":1,"location":null,"numPassingAsserts":1100,"retryReasons":[],"startAt":1767435507979,"status":"passed","title":"should only show valid page numbers in visible pages"},{"ancestorTitles":["Pagination - Property-Based Tests","Edge cases"],"duration":99,"failing":false,"failureDetails":[],"failureMessages":[],"fullName":"Pagination - Property-Based Tests Edge cases should disable previous button on first page","invocations":1,"location":null,"numPassingAsserts":2,"retryReasons":[],"startAt":1767435508541,"status":"passed","title":"should disable previous button on first page"},{"ancestorTitles":["Pagination - Property-Based Tests","Edge cases"],"duration":120,"failing":false,"failureDetails":[],"failureMessages":[],"fullName":"Pagination - Property-Based Tests Edge cases should disable next button on last page","invocations":1,"location":null,"numPassingAsserts":2,"retryReasons":[],"startAt":1767435508640,"status":"passed","title":"should disable next button on last page"},{"ancestorTitles":["Pagination - Property-Based Tests","Edge cases"],"duration":28,"failing":false,"failureDetails":[],"failureMessages":[],"fullName":"Pagination - Property-Based Tests Edge cases should highlight current page with active styling","invocations":1,"location":null,"numPassingAsserts":1,"retryReasons":[],"startAt":1767435508760,"status":"passed","title":"should highlight current page with active styling"},{"ancestorTitles":["Pagination - Property-Based Tests","Edge cases"],"duration":6,"failing":false,"failureDetails":[],"failureMessages":[],"fullName":"Pagination - Property-Based Tests Edge cases should not render when totalPages is 1 or less","invocations":1,"location":null,"numPassingAsserts":1,"retryReasons":[],"startAt":1767435508788,"status":"passed","title":"should not render when totalPages is 1 or less"}],"endTime":1767435508796,"message":"","name":"C:\\Users\\user\\Documents\\PROJET GERMINALE\\edition-germinale\\src\\components\\ui\\__tests__\\Pagination.test.tsx","startTime":1767435505239,"status":"passed","summary":""},{"assertionResults":[{"ancestorTitles":["Property 1: Email Validation Consistency","Invalid email format validation"],"duration":111,"failing":false,"failureDetails":[],"failureMessages":[],"fullName":"Property 1: Email Validation Consistency Invalid email format validation should reject invalid email formats in login form","invocations":1,"location":null,"numPassingAsserts":0,"retryReasons":[],"startAt":1767435507311,"status":"passed","title":"should reject invalid email formats in login form"},{"ancestorTitles":["Property 1: Email Validation Consistency","Invalid email format validation"],"duration":62,"failing":false,"failureDetails":[],"failureMessages":[],"fullName":"Property 1: Email Validation Consistency Invalid email format validation should reject invalid email formats in register form","invocations":1,"location":null,"numPassingAsserts":0,"retryReasons":[],"startAt":1767435507423,"status":"passed","title":"should reject invalid email formats in register form"},{"ancestorTitles":["Property 1: Email Validation Consistency","Valid email format validation"],"duration":47,"failing":false,"failureDetails":[],"failureMessages":[],"fullName":"Property 1: Email Validation Consistency Valid email format validation should accept valid email formats in login form","invocations":1,"location":null,"numPassingAsserts":0,"retryReasons":[],"startAt":1767435507485,"status":"passed","title":"should accept valid email formats in login form"},{"ancestorTitles":["Property 1: Email Validation Consistency","Valid email format validation"],"duration":31,"failing":false,"failureDetails":[],"failureMessages":[],"fullName":"Property 1: Email Validation Consistency Valid email format validation should accept valid email formats in register form","invocations":1,"location":null,"numPassingAsserts":0,"retryReasons":[],"startAt":1767435507532,"status":"passed","title":"should accept valid email formats in register form"},{"ancestorTitles":["Property 1: Email Validation Consistency","Empty email validation"],"duration":47,"failing":false,"failureDetails":[],"failureMessages":[],"fullName":"Property 1: Email Validation Consistency Empty email validation should reject empty email in login form with required field error","invocations":1,"location":null,"numPassingAsserts":0,"retryReasons":[],"startAt":1767435507563,"status":"passed","title":"should reject empty email in login form with required field error"},{"ancestorTitles":["Property 1: Email Validation Consistency","Empty email validation"],"duration":77,"failing":false,"failureDetails":[],"failureMessages":[],"fullName":"Property 1: Email Validation Consistency Empty email validation should reject empty email in register form with required field error","invocations":1,"location":null,"numPassingAsserts":0,"retryReasons":[],"startAt":1767435507610,"status":"passed","title":"should reject empty email in register form with required field error"},{"ancestorTitles":["Property 2: Password Validation Rules","Password minimum length validation"],"duration":39,"failing":false,"failureDetails":[],"failureMessages":[],"fullName":"Property 2: Password Validation Rules Password minimum length validation should reject passwords shorter than 8 characters in login form","invocations":1,"location":null,"numPassingAsserts":0,"retryReasons":[],"startAt":1767435507688,"status":"passed","title":"should reject passwords shorter than 8 characters in login form"},{"ancestorTitles":["Property 2: Password Validation Rules","Password minimum length validation"],"duration":49,"failing":false,"failureDetails":[],"failureMessages":[],"fullName":"Property 2: Password Validation Rules Password minimum length validation should reject passwords shorter than 8 characters in register form","invocations":1,"location":null,"numPassingAsserts":0,"retryReasons":[],"startAt":1767435507728,"status":"passed","title":"should reject passwords shorter than 8 characters in register form"},{"ancestorTitles":["Property 2: Password Validation Rules","Valid password length validation"],"duration":4,"failing":false,"failureDetails":[],"failureMessages":[],"fullName":"Property 2: Password Validation Rules Valid password length validation should accept passwords with 8 or more characters in login form","invocations":1,"location":null,"numPassingAsserts":0,"retryReasons":[],"startAt":1767435507778,"status":"passed","title":"should accept passwords with 8 or more characters in login form"},{"ancestorTitles":["Property 2: Password Validation Rules","Valid password length validation"],"duration":4,"failing":false,"failureDetails":[],"failureMessages":[],"fullName":"Property 2: Password Validation Rules Valid password length validation should accept passwords with exactly 8 characters","invocations":1,"location":null,"numPassingAsserts":0,"retryReasons":[],"startAt":1767435507782,"status":"passed","title":"should accept passwords with exactly 8 characters"},{"ancestorTitles":["Property 2: Password Validation Rules","Empty password validation"],"duration":122,"failing":false,"failureDetails":[],"failureMessages":[],"fullName":"Property 2: Password Validation Rules Empty password validation should reject empty password in login form with required field error","invocations":1,"location":null,"numPassingAsserts":0,"retryReasons":[],"startAt":1767435507787,"status":"passed","title":"should reject empty password in login form with required field error"},{"ancestorTitles":["Property 3: Password Match Verification","Non-matching passwords validation"],"duration":124,"failing":false,"failureDetails":[],"failureMessages":[],"fullName":"Property 3: Password Match Verification Non-matching passwords validation should reject when password and confirmPassword do not match","invocations":1,"location":null,"numPassingAsserts":0,"retryReasons":[],"startAt":1767435507910,"status":"passed","title":"should reject when password and confirmPassword do not match"},{"ancestorTitles":["Property 3: Password Match Verification","Non-matching passwords validation"],"duration":78,"failing":false,"failureDetails":[],"failureMessages":[],"fullName":"Property 3: Password Match Verification Non-matching passwords validation should reject when passwords differ by case","invocations":1,"location":null,"numPassingAsserts":0,"retryReasons":[],"startAt":1767435508034,"status":"passed","title":"should reject when passwords differ by case"},{"ancestorTitles":["Property 3: Password Match Verification","Non-matching passwords validation"],"duration":48,"failing":false,"failureDetails":[],"failureMessages":[],"fullName":"Property 3: Password Match Verification Non-matching passwords validation should reject when passwords differ by whitespace","invocations":1,"location":null,"numPassingAsserts":0,"retryReasons":[],"startAt":1767435508112,"status":"passed","title":"should reject when passwords differ by whitespace"},{"ancestorTitles":["Property 3: Password Match Verification","Matching passwords validation"],"duration":5,"failing":false,"failureDetails":[],"failureMessages":[],"fullName":"Property 3: Password Match Verification Matching passwords validation should accept when password and confirmPassword are identical","invocations":1,"location":null,"numPassingAsserts":0,"retryReasons":[],"startAt":1767435508161,"status":"passed","title":"should accept when password and confirmPassword are identical"},{"ancestorTitles":["Property 4: Required Field Validation","Empty required fields in login form"],"duration":79,"failing":false,"failureDetails":[],"failureMessages":[],"fullName":"Property 4: Required Field Validation Empty required fields in login form should reject empty email field","invocations":1,"location":null,"numPassingAsserts":0,"retryReasons":[],"startAt":1767435508167,"status":"passed","title":"should reject empty email field"},{"ancestorTitles":["Property 4: Required Field Validation","Empty required fields in login form"],"duration":87,"failing":false,"failureDetails":[],"failureMessages":[],"fullName":"Property 4: Required Field Validation Empty required fields in login form should reject empty password field","invocations":1,"location":null,"numPassingAsserts":0,"retryReasons":[],"startAt":1767435508246,"status":"passed","title":"should reject empty password field"},{"ancestorTitles":["Property 4: Required Field Validation","Empty required fields in register form"],"duration":44,"failing":false,"failureDetails":[],"failureMessages":[],"fullName":"Property 4: Required Field Validation Empty required fields in register form should reject empty fullName field","invocations":1,"location":null,"numPassingAsserts":0,"retryReasons":[],"startAt":1767435508334,"status":"passed","title":"should reject empty fullName field"},{"ancestorTitles":["Property 4: Required Field Validation","Empty required fields in register form"],"duration":63,"failing":false,"failureDetails":[],"failureMessages":[],"fullName":"Property 4: Required Field Validation Empty required fields in register form should reject empty email field","invocations":1,"location":null,"numPassingAsserts":0,"retryReasons":[],"startAt":1767435508379,"status":"passed","title":"should reject empty email field"},{"ancestorTitles":["Property 4: Required Field Validation","Empty required fields in register form"],"duration":97,"failing":false,"failureDetails":[],"failureMessages":[],"fullName":"Property 4: Required Field Validation Empty required fields in register form should reject empty password field","invocations":1,"location":null,"numPassingAsserts":0,"retryReasons":[],"startAt":1767435508442,"status":"passed","title":"should reject empty password field"},{"ancestorTitles":["Property 4: Required Field Validation","Empty required fields in register form"],"duration":59,"failing":false,"failureDetails":[],"failureMessages":[],"fullName":"Property 4: Required Field Validation Empty required fields in register form should reject empty confirmPassword field","invocations":1,"location":null,"numPassingAsserts":0,"retryReasons":[],"startAt":1767435508539,"status":"passed","title":"should reject empty confirmPassword field"},{"ancestorTitles":["Property 4: Required Field Validation","Full name minimum length validation"],"duration":79,"failing":false,"failureDetails":[],"failureMessages":[],"fullName":"Property 4: Required Field Validation Full name minimum length validation should reject fullName with less than 2 characters","invocations":1,"location":null,"numPassingAsserts":0,"retryReasons":[],"startAt":1767435508599,"status":"passed","title":"should reject fullName with less than 2 characters"},{"ancestorTitles":["Property 4: Required Field Validation","Full name minimum length validation"],"duration":4,"failing":false,"failureDetails":[],"failureMessages":[],"fullName":"Property 4: Required Field Validation Full name minimum length validation should accept fullName with 2 or more characters","invocations":1,"location":null,"numPassingAsserts":0,"retryReasons":[],"startAt":1767435508679,"status":"passed","title":"should accept fullName with 2 or more characters"},{"ancestorTitles":["Property 4: Required Field Validation","All fields empty validation"],"duration":83,"failing":false,"failureDetails":[],"failureMessages":[],"fullName":"Property 4: Required Field Validation All fields empty validation should reject login form with all empty fields","invocations":1,"location":null,"numPassingAsserts":0,"retryReasons":[],"startAt":1767435508684,"status":"passed","title":"should reject login form with all empty fields"},{"ancestorTitles":["Property 4: Required Field Validation","All fields empty validation"],"duration":88,"failing":false,"failureDetails":[],"failureMessages":[],"fullName":"Property 4: Required Field Validation All fields empty validation should reject register form with all empty fields","invocations":1,"location":null,"numPassingAsserts":0,"retryReasons":[],"startAt":1767435508767,"status":"passed","title":"should reject register form with all empty fields"}],"endTime":1767435508858,"message":"","name":"C:\\Users\\user\\Documents\\PROJET GERMINALE\\edition-germinale\\src\\lib\\validations\\__tests__\\auth.property.test.ts","startTime":1767435504327,"status":"passed","summary":""},{"assertionResults":[{"ancestorTitles":["CollectionsPageContent - Property-Based Tests"],"duration":147,"failing":false,"failureDetails":[],"failureMessages":[],"fullName":"CollectionsPageContent - Property-Based Tests should filter collections so all results contain the search query in name (case-insensitive)","invocations":1,"location":null,"numPassingAsserts":13,"retryReasons":[],"startAt":1767435508301,"status":"passed","title":"should filter collections so all results contain the search query in name (case-insensitive)"},{"ancestorTitles":["CollectionsPageContent - Property-Based Tests"],"duration":232,"failing":false,"failureDetails":[],"failureMessages":[],"fullName":"CollectionsPageContent - Property-Based Tests should filter case-insensitively: same results for different cases of same query","invocations":1,"location":null,"numPassingAsserts":200,"retryReasons":[],"startAt":1767435508448,"status":"passed","title":"should filter case-insensitively: same results for different cases of same query"},{"ancestorTitles":["CollectionsPageContent - Property-Based Tests"],"duration":255,"failing":false,"failureDetails":[],"failureMessages":[],"fullName":"CollectionsPageContent - Property-Based Tests should return a subset of original collections","invocations":1,"location":null,"numPassingAsserts":161,"retryReasons":[],"startAt":1767435508680,"status":"passed","title":"should return a subset of original collections"},{"ancestorTitles":["CollectionsPageContent - Property-Based Tests"],"duration":108,"failing":false,"failureDetails":[],"failureMessages":[],"fullName":"CollectionsPageContent - Property-Based Tests should not exclude any collection that matches the search query","invocations":1,"location":null,"numPassingAsserts":20,"retryReasons":[],"startAt":1767435508935,"status":"passed","title":"should not exclude any collection that matches the search query"},{"ancestorTitles":["CollectionsPageContent - Property-Based Tests","Edge cases"],"duration":1,"failing":false,"failureDetails":[],"failureMessages":[],"fullName":"CollectionsPageContent - Property-Based Tests Edge cases should return all collections for empty search query","invocations":1,"location":null,"numPassingAsserts":1,"retryReasons":[],"startAt":1767435509044,"status":"passed","title":"should return all collections for empty search query"},{"ancestorTitles":["CollectionsPageContent - Property-Based Tests","Edge cases"],"duration":3,"failing":false,"failureDetails":[],"failureMessages":[],"fullName":"CollectionsPageContent - Property-Based Tests Edge cases should return all collections for whitespace-only search query","invocations":1,"location":null,"numPassingAsserts":1,"retryReasons":[],"startAt":1767435509045,"status":"passed","title":"should return all collections for whitespace-only search query"},{"ancestorTitles":["CollectionsPageContent - Property-Based Tests","Edge cases"],"duration":5,"failing":false,"failureDetails":[],"failureMessages":[],"fullName":"CollectionsPageContent - Property-Based Tests Edge cases should return empty array when no collections match","invocations":1,"location":null,"numPassingAsserts":1,"retryReasons":[],"startAt":1767435509049,"status":"passed","title":"should return empty array when no collections match"},{"ancestorTitles":["CollectionsPageContent - Property-Based Tests","Edge cases"],"duration":2,"failing":false,"failureDetails":[],"failureMessages":[],"fullName":"CollectionsPageContent - Property-Based Tests Edge cases should find partial matches","invocations":1,"location":null,"numPassingAsserts":2,"retryReasons":[],"startAt":1767435509054,"status":"passed","title":"should find partial matches"},{"ancestorTitles":["CollectionsPageContent - Property-Based Tests","Edge cases"],"duration":5,"failing":false,"failureDetails":[],"failureMessages":[],"fullName":"CollectionsPageContent - Property-Based Tests Edge cases should handle empty collections array","invocations":1,"location":null,"numPassingAsserts":1,"retryReasons":[],"startAt":1767435509056,"status":"passed","title":"should handle empty collections array"}],"endTime":1767435509063,"message":"","name":"C:\\Users\\user\\Documents\\PROJET GERMINALE\\edition-germinale\\src\\components\\collections\\__tests__\\CollectionsPageContent.test.tsx","startTime":1767435506171,"status":"passed","summary":""},{"assertionResults":[{"ancestorTitles":["CollectionCard - Property-Based Tests"],"duration":915,"failing":false,"failureDetails":[],"failureMessages":[],"fullName":"CollectionCard - Property-Based Tests should display cover image, name, and description for any valid collection","invocations":1,"location":null,"numPassingAsserts":220,"retryReasons":[],"startAt":1767435508293,"status":"passed","title":"should display cover image, name, and description for any valid collection"}],"endTime":1767435509219,"message":"","name":"C:\\Users\\user\\Documents\\PROJET GERMINALE\\edition-germinale\\src\\components\\collection\\__tests__\\CollectionCard.test.tsx","startTime":1767435505807,"status":"passed","summary":""},{"assertionResults":[{"ancestorTitles":["formatPrice - Property-Based Tests"],"duration":39,"failing":false,"failureDetails":[],"failureMessages":[],"fullName":"formatPrice - Property-Based Tests should format any price with space as thousands separator and FCFA suffix","invocations":1,"location":null,"numPassingAsserts":60,"retryReasons":[],"startAt":1767435509448,"status":"passed","title":"should format any price with space as thousands separator and FCFA suffix"},{"ancestorTitles":["formatPrice - Property-Based Tests"],"duration":14,"failing":false,"failureDetails":[],"failureMessages":[],"fullName":"formatPrice - Property-Based Tests should correctly convert centimes to FCFA when inCentimes is true","invocations":1,"location":null,"numPassingAsserts":40,"retryReasons":[],"startAt":1767435509488,"status":"passed","title":"should correctly convert centimes to FCFA when inCentimes is true"},{"ancestorTitles":["formatPrice - Property-Based Tests","Specific formatting examples"],"duration":4,"failing":false,"failureDetails":[],"failureMessages":[],"fullName":"formatPrice - Property-Based Tests Specific formatting examples should format 15000 as \"15 000 FCFA\"","invocations":1,"location":null,"numPassingAsserts":1,"retryReasons":[],"startAt":1767435509503,"status":"passed","title":"should format 15000 as \"15 000 FCFA\""},{"ancestorTitles":["formatPrice - Property-Based Tests","Specific formatting examples"],"duration":3,"failing":false,"failureDetails":[],"failureMessages":[],"fullName":"formatPrice - Property-Based Tests Specific formatting examples should format 1500000 as \"1 500 000 FCFA\"","invocations":1,"location":null,"numPassingAsserts":1,"retryReasons":[],"startAt":1767435509508,"status":"passed","title":"should format 1500000 as \"1 500 000 FCFA\""},{"ancestorTitles":["formatPrice - Property-Based Tests","Specific formatting examples"],"duration":1,"failing":false,"failureDetails":[],"failureMessages":[],"fullName":"formatPrice - Property-Based Tests Specific formatting examples should format 500 as \"500 FCFA\"","invocations":1,"location":null,"numPassingAsserts":1,"retryReasons":[],"startAt":1767435509512,"status":"passed","title":"should format 500 as \"500 FCFA\""},{"ancestorTitles":["formatPrice - Property-Based Tests","Specific formatting examples"],"duration":1,"failing":false,"failureDetails":[],"failureMessages":[],"fullName":"formatPrice - Property-Based Tests Specific formatting examples should format 0 as \"0 FCFA\"","invocations":1,"location":null,"numPassingAsserts":1,"retryReasons":[],"startAt":1767435509514,"status":"passed","title":"should format 0 as \"0 FCFA\""}],"endTime":1767435509518,"message":"","name":"C:\\Users\\user\\Documents\\PROJET GERMINALE\\edition-germinale\\src\\lib\\__tests__\\utils.test.ts","startTime":1767435508202,"status":"passed","summary":""},{"assertionResults":[{"ancestorTitles":["CollectionListCard - Property-Based Tests"],"duration":1821,"failing":false,"failureDetails":[],"failureMessages":[],"fullName":"CollectionListCard - Property-Based Tests should display correct badge based on isNew and isPopular flags, never both","invocations":1,"location":null,"numPassingAsserts":370,"retryReasons":[],"startAt":1767435509013,"status":"passed","title":"should display correct badge based on isNew and isPopular flags, never both"},{"ancestorTitles":["CollectionListCard - Property-Based Tests","getBadgeType helper function"],"duration":1,"failing":false,"failureDetails":[],"failureMessages":[],"fullName":"CollectionListCard - Property-Based Tests getBadgeType helper function should return \"new\" when isNew is true","invocations":1,"location":null,"numPassingAsserts":2,"retryReasons":[],"startAt":1767435510836,"status":"passed","title":"should return \"new\" when isNew is true"},{"ancestorTitles":["CollectionListCard - Property-Based Tests","getBadgeType helper function"],"duration":0,"failing":false,"failureDetails":[],"failureMessages":[],"fullName":"CollectionListCard - Property-Based Tests getBadgeType helper function should return \"popular\" when isPopular is true and isNew is false","invocations":1,"location":null,"numPassingAsserts":1,"retryReasons":[],"startAt":1767435510838,"status":"passed","title":"should return \"popular\" when isPopular is true and isNew is false"},{"ancestorTitles":["CollectionListCard - Property-Based Tests","getBadgeType helper function"],"duration":2,"failing":false,"failureDetails":[],"failureMessages":[],"fullName":"CollectionListCard - Property-Based Tests getBadgeType helper function should return null when both flags are false or undefined","invocations":1,"location":null,"numPassingAsserts":4,"retryReasons":[],"startAt":1767435510838,"status":"passed","title":"should return null when both flags are false or undefined"}],"endTime":1767435510842,"message":"","name":"C:\\Users\\user\\Documents\\PROJET GERMINALE\\edition-germinale\\src\\components\\collection\\__tests__\\CollectionListCard.test.tsx","startTime":1767435504684,"status":"passed","summary":""}],"wasInterrupted":false}
